Start testing: Aug 04 23:20 PDT
----------------------------------------------------------
Unable to find executable: test_API_EXE
1/1 Testing: test_API
1/1 Test: test_API
Command: ""
Directory: /Users/full-hat/Documents/MyProjects/regex/build
"test_API" start time: 
Output:
----------------------------------------------------------
<end of output>
Test time =   0.00 sec
----------------------------------------------------------
Test Passed.
"test_API" end time: Aug 04 23:20 PDT
"test_API" time elapsed: 00:00:00
----------------------------------------------------------

End testing: Aug 04 23:20 PDT
